<?xml version="1.0" encoding="UTF-8"?>
<!-- Generated by org.testng.reporters.JUnitXMLReporter -->
<testsuite hostname="DESKTOP-PAON71K" ignored="0" name="Test" tests="5" failures="0" timestamp="13 Sep 2019 07:37:23 GMT" time="16.708" errors="0">
  <testcase name="@BeforeClass beforeClass" time="16.687" classname="utilities.common_opps">
    <failure type="org.openqa.selenium.SessionNotCreatedException" message="session not created
from chrome not reachable
  (Session info: chrome=77.0.3865.75)
Build info: version: &amp;apos;unknown&amp;apos;, revision: &amp;apos;unknown&amp;apos;, time: &amp;apos;unknown&amp;apos;
System info: host: &amp;apos;DESKTOP-PAON71K&amp;apos;, ip: &amp;apos;192.168.1.28&amp;apos;, os.name: &amp;apos;Windows 10&amp;apos;, os.arch: &amp;apos;amd64&amp;apos;, os.version: &amp;apos;10.0&amp;apos;, java.version: &amp;apos;1.8.0_201&amp;apos;
Driver info: driver.version: ChromeDriver
remote stacktrace: Backtrace:
	Ordinal0 [0x0097EB13+1501971]
	Ordinal0 [0x008FF6D1+980689]
	Ordinal0 [0x00887508+488712]
	Ordinal0 [0x0088131A+463642]
	Ordinal0 [0x008819C8+465352]
	Ordinal0 [0x00882AA5+469669]
	Ordinal0 [0x0087EC85+453765]
	Ordinal0 [0x00888330+492336]
	Ordinal0 [0x0083A108+172296]
	Ordinal0 [0x0083942D+169005]
	Ordinal0 [0x008378EB+162027]
	Ordinal0 [0x00820AC7+68295]
	Ordinal0 [0x00821B40+72512]
	Ordinal0 [0x00821AD9+72409]
	Ordinal0 [0x00918F37+1085239]
	GetHandleVerifier [0x00A1D7ED+503293]
	GetHandleVerifier [0x00A1D580+502672]
	GetHandleVerifier [0x00A246AC+531644]
	GetHandleVerifier [0x00A1DFFA+505354]
	Ordinal0 [0x00910606+1050118]
	Ordinal0 [0x0091047F+1049727]
	Ordinal0 [0x0091AF9B+1093531]
	Ordinal0 [0x0091B103+1093891]
	Ordinal0 [0x0091A095+1089685]
	BaseThreadInitThunk [0x75686359+25]
	RtlGetAppContainerNamedObjectPath [0x77E27B74+228]
	RtlGetAppContainerNamedObjectPath [0x77E27B44+180]
">
      <![CDATA[org.openqa.selenium.SessionNotCreatedException: session not created
from chrome not reachable
  (Session info: chrome=77.0.3865.75)
Build info: version: 'unknown', revision: 'unknown', time: 'unknown'
System info: host: 'DESKTOP-PAON71K', ip: '192.168.1.28', os.name: 'Windows 10', os.arch: 'amd64', os.version: '10.0', java.version: '1.8.0_201'
Driver info: driver.version: ChromeDriver
remote stacktrace: Backtrace:
Ordinal0 [0x0097EB13+1501971]
Ordinal0 [0x008FF6D1+980689]
Ordinal0 [0x00887508+488712]
Ordinal0 [0x0088131A+463642]
Ordinal0 [0x008819C8+465352]
Ordinal0 [0x00882AA5+469669]
Ordinal0 [0x0087EC85+453765]
Ordinal0 [0x00888330+492336]
Ordinal0 [0x0083A108+172296]
Ordinal0 [0x0083942D+169005]
Ordinal0 [0x008378EB+162027]
Ordinal0 [0x00820AC7+68295]
Ordinal0 [0x00821B40+72512]
Ordinal0 [0x00821AD9+72409]
Ordinal0 [0x00918F37+1085239]
GetHandleVerifier [0x00A1D7ED+503293]
GetHandleVerifier [0x00A1D580+502672]
GetHandleVerifier [0x00A246AC+531644]
GetHandleVerifier [0x00A1DFFA+505354]
Ordinal0 [0x00910606+1050118]
Ordinal0 [0x0091047F+1049727]
Ordinal0 [0x0091AF9B+1093531]
Ordinal0 [0x0091B103+1093891]
Ordinal0 [0x0091A095+1089685]
BaseThreadInitThunk [0x75686359+25]
RtlGetAppContainerNamedObjectPath [0x77E27B74+228]
RtlGetAppContainerNamedObjectPath [0x77E27B44+180]

at org.openqa.selenium.remote.W3CHandshakeResponse.lambda$new$0(W3CHandshakeResponse.java:57)
at org.openqa.selenium.remote.W3CHandshakeResponse.lambda$getResponseFunction$2(W3CHandshakeResponse.java:104)
at org.openqa.selenium.remote.ProtocolHandshake.lambda$createSession$24(ProtocolHandshake.java:359)
at java.util.stream.ReferencePipeline$3$1.accept(Unknown Source)
at java.util.Spliterators$ArraySpliterator.tryAdvance(Unknown Source)
at java.util.stream.ReferencePipeline.forEachWithCancel(Unknown Source)
at java.util.stream.AbstractPipeline.copyIntoWithCancel(Unknown Source)
at java.util.stream.AbstractPipeline.copyInto(Unknown Source)
at java.util.stream.AbstractPipeline.wrapAndCopyInto(Unknown Source)
at java.util.stream.FindOps$FindOp.evaluateSequential(Unknown Source)
at java.util.stream.AbstractPipeline.evaluate(Unknown Source)
at java.util.stream.ReferencePipeline.findFirst(Unknown Source)
at org.openqa.selenium.remote.ProtocolHandshake.createSession(ProtocolHandshake.java:362)
at org.openqa.selenium.remote.ProtocolHandshake.createSession(ProtocolHandshake.java:136)
at org.openqa.selenium.remote.HttpCommandExecutor.execute(HttpCommandExecutor.java:142)
at org.openqa.selenium.remote.service.DriverCommandExecutor.execute(DriverCommandExecutor.java:82)
at org.openqa.selenium.remote.RemoteWebDriver.execute(RemoteWebDriver.java:646)
at org.openqa.selenium.remote.RemoteWebDriver.startSession(RemoteWebDriver.java:255)
at org.openqa.selenium.remote.RemoteWebDriver.startSession(RemoteWebDriver.java:237)
at org.openqa.selenium.remote.RemoteWebDriver.<init>(RemoteWebDriver.java:138)
at org.openqa.selenium.chrome.ChromeDriver.<init>(ChromeDriver.java:178)
at org.openqa.selenium.chrome.ChromeDriver.<init>(ChromeDriver.java:167)
at org.openqa.selenium.chrome.ChromeDriver.<init>(ChromeDriver.java:124)
at utilities.common_opps.initChromeDriver(common_opps.java:85)
at utilities.common_opps.initBrowser(common_opps.java:60)
at utilities.common_opps.beforeClass(common_opps.java:193)
at java.util.concurrent.FutureTask.run(Unknown Source)
at java.util.concurrent.ThreadPoolExecutor.runWorker(Unknown Source)
at java.util.concurrent.ThreadPoolExecutor$Worker.run(Unknown Source)
at java.lang.Thread.run(Unknown Source)
... Removed 21 stack frames]]>
    </failure>
  </testcase> <!-- @BeforeClass beforeClass -->
  <testcase name="@BeforeMethod BeforeAnyMethod" time="0.0" classname="utilities.common_opps">
    <skipped/>
  </testcase> <!-- @BeforeMethod BeforeAnyMethod -->
  <testcase name="@AfterMethod AfterAnyMethod" time="0.0" classname="utilities.common_opps">
    <skipped/>
  </testcase> <!-- @AfterMethod AfterAnyMethod -->
  <testcase name="@BeforeMethod BeforeAnyMethod" time="0.0" classname="utilities.common_opps">
    <skipped/>
  </testcase> <!-- @BeforeMethod BeforeAnyMethod -->
  <testcase name="@AfterMethod AfterAnyMethod" time="0.0" classname="utilities.common_opps">
    <skipped/>
  </testcase> <!-- @AfterMethod AfterAnyMethod -->
  <testcase name="@BeforeMethod BeforeAnyMethod" time="0.0" classname="utilities.common_opps">
    <skipped/>
  </testcase> <!-- @BeforeMethod BeforeAnyMethod -->
  <testcase name="@AfterMethod AfterAnyMethod" time="0.0" classname="utilities.common_opps">
    <skipped/>
  </testcase> <!-- @AfterMethod AfterAnyMethod -->
  <testcase name="@BeforeMethod BeforeAnyMethod" time="0.0" classname="utilities.common_opps">
    <skipped/>
  </testcase> <!-- @BeforeMethod BeforeAnyMethod -->
  <testcase name="@AfterMethod AfterAnyMethod" time="0.0" classname="utilities.common_opps">
    <skipped/>
  </testcase> <!-- @AfterMethod AfterAnyMethod -->
  <testcase name="@BeforeMethod BeforeAnyMethod" time="0.0" classname="utilities.common_opps">
    <skipped/>
  </testcase> <!-- @BeforeMethod BeforeAnyMethod -->
  <testcase name="@AfterMethod AfterAnyMethod" time="0.0" classname="utilities.common_opps">
    <skipped/>
  </testcase> <!-- @AfterMethod AfterAnyMethod -->
  <testcase name="@AfterClass afterClass" time="0.0" classname="utilities.common_opps">
    <skipped/>
  </testcase> <!-- @AfterClass afterClass -->
  <testcase name="Test001_searchAndVerifyArtistCardName" time="0.0" classname="Web_Tests.YouTube_search_and_play">
    <skipped/>
  </testcase> <!-- Test001_searchAndVerifyArtistCardName -->
  <testcase name="Test002_searchValueFromDB" time="0.0" classname="Web_Tests.YouTube_search_and_play">
    <skipped/>
  </testcase> <!-- Test002_searchValueFromDB -->
  <testcase name="Test003_VerifyHorizontalAlbumsListSize" time="0.0" classname="Web_Tests.YouTube_search_and_play">
    <skipped/>
  </testcase> <!-- Test003_VerifyHorizontalAlbumsListSize -->
  <testcase name="Test004_VerifyVerticalAlbumsTextListAndClick" time="0.0" classname="Web_Tests.YouTube_search_and_play">
    <skipped/>
  </testcase> <!-- Test004_VerifyVerticalAlbumsTextListAndClick -->
  <testcase name="Test005_PlayPauseAndMaximizeVideoContainer" time="0.0" classname="Web_Tests.YouTube_search_and_play">
    <skipped/>
  </testcase> <!-- Test005_PlayPauseAndMaximizeVideoContainer -->
</testsuite> <!-- Test -->
