<html>
<head>
<title>TestNG:  Test</title>
<link href="../testng.css" rel="stylesheet" type="text/css" />
<link href="../my-testng.css" rel="stylesheet" type="text/css" />

<style type="text/css">
.log { display: none;} 
.stack-trace { display: none;} 
</style>
<script type="text/javascript">
<!--
function flip(e) {
  current = e.style.display;
  if (current == 'block') {
    e.style.display = 'none';
    return 0;
  }
  else {
    e.style.display = 'block';
    return 1;
  }
}

function toggleBox(szDivId, elem, msg1, msg2)
{
  var res = -1;  if (document.getElementById) {
    res = flip(document.getElementById(szDivId));
  }
  else if (document.all) {
    // this is the way old msie versions work
    res = flip(document.all[szDivId]);
  }
  if(elem) {
    if(res == 0) elem.innerHTML = msg1; else elem.innerHTML = msg2;
  }

}

function toggleAllBoxes() {
  if (document.getElementsByTagName) {
    d = document.getElementsByTagName('div');
    for (i = 0; i < d.length; i++) {
      if (d[i].className == 'log') {
        flip(d[i]);
      }
    }
  }
}

// -->
</script>

</head>
<body>
<h2 align='center'>Test</h2><table border='1' align="center">
<tr>
<td>Tests passed/Failed/Skipped:</td><td>0/0/5</td>
</tr><tr>
<td>Started on:</td><td>Fri Sep 13 10:37:06 IDT 2019</td>
</tr>
<tr><td>Total time:</td><td>16 seconds (16708 ms)</td>
</tr><tr>
<td>Included groups:</td><td>Hardcoded DataBase </td>
</tr><tr>
<td>Excluded groups:</td><td></td>
</tr>
</table><p/>
<small><i>(Hover the method name to see the test class name)</i></small><p/>
<table width='100%' border='1' class='invocation-failed'>
<tr><td colspan='4' align='center'><b>FAILED CONFIGURATIONS</b></td></tr>
<tr><td><b>Test method</b></td>
<td width="30%"><b>Exception</b></td>
<td width="10%"><b>Time (seconds)</b></td>
<td><b>Instance</b></td>
</tr>
<tr>
<td title='Web_Tests.YouTube_search_and_play.beforeClass()'><b>beforeClass</b><br>Test class: Web_Tests.YouTube_search_and_play</td>
<td><div><pre>org.openqa.selenium.SessionNotCreatedException: session not created
from chrome not reachable
  (Session info: chrome=77.0.3865.75)
Build info: version: &apos;unknown&apos;, revision: &apos;unknown&apos;, time: &apos;unknown&apos;
System info: host: &apos;DESKTOP-PAON71K&apos;, ip: &apos;192.168.1.28&apos;, os.name: &apos;Windows 10&apos;, os.arch: &apos;amd64&apos;, os.version: &apos;10.0&apos;, java.version: &apos;1.8.0_201&apos;
Driver info: driver.version: ChromeDriver
remote stacktrace: Backtrace:
	Ordinal0 [0x0097EB13+1501971]
	Ordinal0 [0x008FF6D1+980689]
	Ordinal0 [0x00887508+488712]
	Ordinal0 [0x0088131A+463642]
	Ordinal0 [0x008819C8+465352]
	Ordinal0 [0x00882AA5+469669]
	Ordinal0 [0x0087EC85+453765]
	Ordinal0 [0x00888330+492336]
	Ordinal0 [0x0083A108+172296]
	Ordinal0 [0x0083942D+169005]
	Ordinal0 [0x008378EB+162027]
	Ordinal0 [0x00820AC7+68295]
	Ordinal0 [0x00821B40+72512]
	Ordinal0 [0x00821AD9+72409]
	Ordinal0 [0x00918F37+1085239]
	GetHandleVerifier [0x00A1D7ED+503293]
	GetHandleVerifier [0x00A1D580+502672]
	GetHandleVerifier [0x00A246AC+531644]
	GetHandleVerifier [0x00A1DFFA+505354]
	Ordinal0 [0x00910606+1050118]
	Ordinal0 [0x0091047F+1049727]
	Ordinal0 [0x0091AF9B+1093531]
	Ordinal0 [0x0091B103+1093891]
	Ordinal0 [0x0091A095+1089685]
	BaseThreadInitThunk [0x75686359+25]
	RtlGetAppContainerNamedObjectPath [0x77E27B74+228]
	RtlGetAppContainerNamedObjectPath [0x77E27B44+180]

	at org.openqa.selenium.remote.W3CHandshakeResponse.lambda$new$0(W3CHandshakeResponse.java:57)
	at org.openqa.selenium.remote.W3CHandshakeResponse.lambda$getResponseFunction$2(W3CHandshakeResponse.java:104)
	at org.openqa.selenium.remote.ProtocolHandshake.lambda$createSession$24(ProtocolHandshake.java:359)
	at java.util.stream.ReferencePipeline$3$1.accept(Unknown Source)
	at java.util.Spliterators$ArraySpliterator.tryAdvance(Unknown Source)
	at java.util.stream.ReferencePipeline.forEachWithCancel(Unknown Source)
	at java.util.stream.AbstractPipeline.copyIntoWithCancel(Unknown Source)
	at java.util.stream.AbstractPipeline.copyInto(Unknown Source)
	at java.util.stream.AbstractPipeline.wrapAndCopyInto(Unknown Source)
	at java.util.stream.FindOps$FindOp.evaluateSequential(Unknown Source)
	at java.util.stream.AbstractPipeline.evaluate(Unknown Source)
	at java.util.stream.ReferencePipeline.findFirst(Unknown Source)
	at org.openqa.selenium.remote.ProtocolHandshake.createSession(ProtocolHandshake.java:362)
	at org.openqa.selenium.remote.ProtocolHandshake.createSession(ProtocolHandshake.java:136)
	at org.openqa.selenium.remote.HttpCommandExecutor.execute(HttpCommandExecutor.java:142)
	at org.openqa.selenium.remote.service.DriverCommandExecutor.execute(DriverCommandExecutor.java:82)
	at org.openqa.selenium.remote.RemoteWebDriver.execute(RemoteWebDriver.java:646)
	at org.openqa.selenium.remote.RemoteWebDriver.startSession(RemoteWebDriver.java:255)
	at org.openqa.selenium.remote.RemoteWebDriver.startSession(RemoteWebDriver.java:237)
	at org.openqa.selenium.remote.RemoteWebDriver.&lt;init&gt;(RemoteWebDriver.java:138)
	at org.openqa.selenium.chrome.ChromeDriver.&lt;init&gt;(ChromeDriver.java:178)
	at org.openqa.selenium.chrome.ChromeDriver.&lt;init&gt;(ChromeDriver.java:167)
	at org.openqa.selenium.chrome.ChromeDriver.&lt;init&gt;(ChromeDriver.java:124)
	at utilities.common_opps.initChromeDriver(common_opps.java:85)
	at utilities.common_opps.initBrowser(common_opps.java:60)
	at utilities.common_opps.beforeClass(common_opps.java:193)
	at java.util.concurrent.FutureTask.run(Unknown Source)
	at java.util.concurrent.ThreadPoolExecutor.runWorker(Unknown Source)
	at java.util.concurrent.ThreadPoolExecutor$Worker.run(Unknown Source)
	at java.lang.Thread.run(Unknown Source)
... Removed 21 stack frames</pre></div><a href='#' onClick='toggleBox("stack-trace1679374961", this, "Click to show all stack frames", "Click to hide stack frames")'>Click to show all stack frames</a>
<div class='stack-trace' id='stack-trace1679374961'><pre>org.openqa.selenium.SessionNotCreatedException: session not created
from chrome not reachable
  (Session info: chrome=77.0.3865.75)
Build info: version: &apos;unknown&apos;, revision: &apos;unknown&apos;, time: &apos;unknown&apos;
System info: host: &apos;DESKTOP-PAON71K&apos;, ip: &apos;192.168.1.28&apos;, os.name: &apos;Windows 10&apos;, os.arch: &apos;amd64&apos;, os.version: &apos;10.0&apos;, java.version: &apos;1.8.0_201&apos;
Driver info: driver.version: ChromeDriver
remote stacktrace: Backtrace:
	Ordinal0 [0x0097EB13+1501971]
	Ordinal0 [0x008FF6D1+980689]
	Ordinal0 [0x00887508+488712]
	Ordinal0 [0x0088131A+463642]
	Ordinal0 [0x008819C8+465352]
	Ordinal0 [0x00882AA5+469669]
	Ordinal0 [0x0087EC85+453765]
	Ordinal0 [0x00888330+492336]
	Ordinal0 [0x0083A108+172296]
	Ordinal0 [0x0083942D+169005]
	Ordinal0 [0x008378EB+162027]
	Ordinal0 [0x00820AC7+68295]
	Ordinal0 [0x00821B40+72512]
	Ordinal0 [0x00821AD9+72409]
	Ordinal0 [0x00918F37+1085239]
	GetHandleVerifier [0x00A1D7ED+503293]
	GetHandleVerifier [0x00A1D580+502672]
	GetHandleVerifier [0x00A246AC+531644]
	GetHandleVerifier [0x00A1DFFA+505354]
	Ordinal0 [0x00910606+1050118]
	Ordinal0 [0x0091047F+1049727]
	Ordinal0 [0x0091AF9B+1093531]
	Ordinal0 [0x0091B103+1093891]
	Ordinal0 [0x0091A095+1089685]
	BaseThreadInitThunk [0x75686359+25]
	RtlGetAppContainerNamedObjectPath [0x77E27B74+228]
	RtlGetAppContainerNamedObjectPath [0x77E27B44+180]

	at sun.reflect.NativeConstructorAccessorImpl.newInstance0(Native Method)
	at sun.reflect.NativeConstructorAccessorImpl.newInstance(Unknown Source)
	at sun.reflect.DelegatingConstructorAccessorImpl.newInstance(Unknown Source)
	at java.lang.reflect.Constructor.newInstance(Unknown Source)
	at org.openqa.selenium.remote.W3CHandshakeResponse.lambda$new$0(W3CHandshakeResponse.java:57)
	at org.openqa.selenium.remote.W3CHandshakeResponse.lambda$getResponseFunction$2(W3CHandshakeResponse.java:104)
	at org.openqa.selenium.remote.ProtocolHandshake.lambda$createSession$24(ProtocolHandshake.java:359)
	at java.util.stream.ReferencePipeline$3$1.accept(Unknown Source)
	at java.util.Spliterators$ArraySpliterator.tryAdvance(Unknown Source)
	at java.util.stream.ReferencePipeline.forEachWithCancel(Unknown Source)
	at java.util.stream.AbstractPipeline.copyIntoWithCancel(Unknown Source)
	at java.util.stream.AbstractPipeline.copyInto(Unknown Source)
	at java.util.stream.AbstractPipeline.wrapAndCopyInto(Unknown Source)
	at java.util.stream.FindOps$FindOp.evaluateSequential(Unknown Source)
	at java.util.stream.AbstractPipeline.evaluate(Unknown Source)
	at java.util.stream.ReferencePipeline.findFirst(Unknown Source)
	at org.openqa.selenium.remote.ProtocolHandshake.createSession(ProtocolHandshake.java:362)
	at org.openqa.selenium.remote.ProtocolHandshake.createSession(ProtocolHandshake.java:136)
	at org.openqa.selenium.remote.HttpCommandExecutor.execute(HttpCommandExecutor.java:142)
	at org.openqa.selenium.remote.service.DriverCommandExecutor.execute(DriverCommandExecutor.java:82)
	at org.openqa.selenium.remote.RemoteWebDriver.execute(RemoteWebDriver.java:646)
	at org.openqa.selenium.remote.RemoteWebDriver.startSession(RemoteWebDriver.java:255)
	at org.openqa.selenium.remote.RemoteWebDriver.startSession(RemoteWebDriver.java:237)
	at org.openqa.selenium.remote.RemoteWebDriver.&lt;init&gt;(RemoteWebDriver.java:138)
	at org.openqa.selenium.chrome.ChromeDriver.&lt;init&gt;(ChromeDriver.java:178)
	at org.openqa.selenium.chrome.ChromeDriver.&lt;init&gt;(ChromeDriver.java:167)
	at org.openqa.selenium.chrome.ChromeDriver.&lt;init&gt;(ChromeDriver.java:124)
	at utilities.common_opps.initChromeDriver(common_opps.java:85)
	at utilities.common_opps.initBrowser(common_opps.java:60)
	at utilities.common_opps.beforeClass(common_opps.java:193)
	at sun.reflect.NativeMethodAccessorImpl.invoke0(Native Method)
	at sun.reflect.NativeMethodAccessorImpl.invoke(Unknown Source)
	at sun.reflect.DelegatingMethodAccessorImpl.invoke(Unknown Source)
	at java.lang.reflect.Method.invoke(Unknown Source)
	at org.testng.internal.MethodInvocationHelper.invokeMethod(MethodInvocationHelper.java:124)
	at org.testng.internal.MethodInvocationHelper.invokeMethodConsideringTimeout(MethodInvocationHelper.java:59)
	at org.testng.internal.Invoker.invokeConfigurationMethod(Invoker.java:458)
	at org.testng.internal.Invoker.invokeConfigurations(Invoker.java:222)
	at org.testng.internal.Invoker.invokeConfigurations(Invoker.java:142)
	at org.testng.internal.TestMethodWorker.invokeBeforeClassMethods(TestMethodWorker.java:168)
	at org.testng.internal.TestMethodWorker.run(TestMethodWorker.java:105)
	at org.testng.TestRunner.privateRun(TestRunner.java:648)
	at org.testng.TestRunner.run(TestRunner.java:505)
	at org.testng.SuiteRunner.runTest(SuiteRunner.java:455)
	at org.testng.SuiteRunner.access$000(SuiteRunner.java:40)
	at org.testng.SuiteRunner$SuiteWorker.run(SuiteRunner.java:489)
	at org.testng.internal.thread.ThreadUtil$1.call(ThreadUtil.java:52)
	at java.util.concurrent.FutureTask.run(Unknown Source)
	at java.util.concurrent.ThreadPoolExecutor.runWorker(Unknown Source)
	at java.util.concurrent.ThreadPoolExecutor$Worker.run(Unknown Source)
	at java.lang.Thread.run(Unknown Source)
</pre></div></td>
<td>16</td>
<td>Web_Tests.YouTube_search_and_play@17579e0f</td></tr>
</table><p>
<table width='100%' border='1' class='invocation-skipped'>
<tr><td colspan='4' align='center'><b>SKIPPED CONFIGURATIONS</b></td></tr>
<tr><td><b>Test method</b></td>
<td width="30%"><b>Exception</b></td>
<td width="10%"><b>Time (seconds)</b></td>
<td><b>Instance</b></td>
</tr>
<tr>
<td title='Web_Tests.YouTube_search_and_play.BeforeAnyMethod()'><b>BeforeAnyMethod</b><br>Test class: Web_Tests.YouTube_search_and_play</td>
<td></td>
<td>0</td>
<td>Web_Tests.YouTube_search_and_play@17579e0f</td></tr>
<tr>
<td title='Web_Tests.YouTube_search_and_play.BeforeAnyMethod()'><b>BeforeAnyMethod</b><br>Test class: Web_Tests.YouTube_search_and_play</td>
<td></td>
<td>0</td>
<td>Web_Tests.YouTube_search_and_play@17579e0f</td></tr>
<tr>
<td title='Web_Tests.YouTube_search_and_play.BeforeAnyMethod()'><b>BeforeAnyMethod</b><br>Test class: Web_Tests.YouTube_search_and_play</td>
<td></td>
<td>0</td>
<td>Web_Tests.YouTube_search_and_play@17579e0f</td></tr>
<tr>
<td title='Web_Tests.YouTube_search_and_play.BeforeAnyMethod()'><b>BeforeAnyMethod</b><br>Test class: Web_Tests.YouTube_search_and_play</td>
<td></td>
<td>0</td>
<td>Web_Tests.YouTube_search_and_play@17579e0f</td></tr>
<tr>
<td title='Web_Tests.YouTube_search_and_play.BeforeAnyMethod()'><b>BeforeAnyMethod</b><br>Test class: Web_Tests.YouTube_search_and_play</td>
<td></td>
<td>0</td>
<td>Web_Tests.YouTube_search_and_play@17579e0f</td></tr>
<tr>
<td title='Web_Tests.YouTube_search_and_play.AfterAnyMethod()'><b>AfterAnyMethod</b><br>Test class: Web_Tests.YouTube_search_and_play</td>
<td></td>
<td>0</td>
<td>Web_Tests.YouTube_search_and_play@17579e0f</td></tr>
<tr>
<td title='Web_Tests.YouTube_search_and_play.AfterAnyMethod()'><b>AfterAnyMethod</b><br>Test class: Web_Tests.YouTube_search_and_play</td>
<td></td>
<td>0</td>
<td>Web_Tests.YouTube_search_and_play@17579e0f</td></tr>
<tr>
<td title='Web_Tests.YouTube_search_and_play.AfterAnyMethod()'><b>AfterAnyMethod</b><br>Test class: Web_Tests.YouTube_search_and_play</td>
<td></td>
<td>0</td>
<td>Web_Tests.YouTube_search_and_play@17579e0f</td></tr>
<tr>
<td title='Web_Tests.YouTube_search_and_play.AfterAnyMethod()'><b>AfterAnyMethod</b><br>Test class: Web_Tests.YouTube_search_and_play</td>
<td></td>
<td>0</td>
<td>Web_Tests.YouTube_search_and_play@17579e0f</td></tr>
<tr>
<td title='Web_Tests.YouTube_search_and_play.AfterAnyMethod()'><b>AfterAnyMethod</b><br>Test class: Web_Tests.YouTube_search_and_play</td>
<td></td>
<td>0</td>
<td>Web_Tests.YouTube_search_and_play@17579e0f</td></tr>
<tr>
<td title='Web_Tests.YouTube_search_and_play.afterClass()'><b>afterClass</b><br>Test class: Web_Tests.YouTube_search_and_play</td>
<td></td>
<td>0</td>
<td>Web_Tests.YouTube_search_and_play@17579e0f</td></tr>
</table><p>
<table width='100%' border='1' class='invocation-skipped'>
<tr><td colspan='4' align='center'><b>SKIPPED TESTS</b></td></tr>
<tr><td><b>Test method</b></td>
<td width="30%"><b>Exception</b></td>
<td width="10%"><b>Time (seconds)</b></td>
<td><b>Instance</b></td>
</tr>
<tr>
<td title='Web_Tests.YouTube_search_and_play.Test001_searchAndVerifyArtistCardName()'><b>Test001_searchAndVerifyArtistCardName</b><br>Test class: Web_Tests.YouTube_search_and_play</td>
<td><div><pre>org.openqa.selenium.SessionNotCreatedException: session not created
from chrome not reachable
  (Session info: chrome=77.0.3865.75)
Build info: version: &apos;unknown&apos;, revision: &apos;unknown&apos;, time: &apos;unknown&apos;
System info: host: &apos;DESKTOP-PAON71K&apos;, ip: &apos;192.168.1.28&apos;, os.name: &apos;Windows 10&apos;, os.arch: &apos;amd64&apos;, os.version: &apos;10.0&apos;, java.version: &apos;1.8.0_201&apos;
Driver info: driver.version: ChromeDriver
remote stacktrace: Backtrace:
	Ordinal0 [0x0097EB13+1501971]
	Ordinal0 [0x008FF6D1+980689]
	Ordinal0 [0x00887508+488712]
	Ordinal0 [0x0088131A+463642]
	Ordinal0 [0x008819C8+465352]
	Ordinal0 [0x00882AA5+469669]
	Ordinal0 [0x0087EC85+453765]
	Ordinal0 [0x00888330+492336]
	Ordinal0 [0x0083A108+172296]
	Ordinal0 [0x0083942D+169005]
	Ordinal0 [0x008378EB+162027]
	Ordinal0 [0x00820AC7+68295]
	Ordinal0 [0x00821B40+72512]
	Ordinal0 [0x00821AD9+72409]
	Ordinal0 [0x00918F37+1085239]
	GetHandleVerifier [0x00A1D7ED+503293]
	GetHandleVerifier [0x00A1D580+502672]
	GetHandleVerifier [0x00A246AC+531644]
	GetHandleVerifier [0x00A1DFFA+505354]
	Ordinal0 [0x00910606+1050118]
	Ordinal0 [0x0091047F+1049727]
	Ordinal0 [0x0091AF9B+1093531]
	Ordinal0 [0x0091B103+1093891]
	Ordinal0 [0x0091A095+1089685]
	BaseThreadInitThunk [0x75686359+25]
	RtlGetAppContainerNamedObjectPath [0x77E27B74+228]
	RtlGetAppContainerNamedObjectPath [0x77E27B44+180]

	at org.openqa.selenium.remote.W3CHandshakeResponse.lambda$new$0(W3CHandshakeResponse.java:57)
	at org.openqa.selenium.remote.W3CHandshakeResponse.lambda$getResponseFunction$2(W3CHandshakeResponse.java:104)
	at org.openqa.selenium.remote.ProtocolHandshake.lambda$createSession$24(ProtocolHandshake.java:359)
	at java.util.stream.ReferencePipeline$3$1.accept(Unknown Source)
	at java.util.Spliterators$ArraySpliterator.tryAdvance(Unknown Source)
	at java.util.stream.ReferencePipeline.forEachWithCancel(Unknown Source)
	at java.util.stream.AbstractPipeline.copyIntoWithCancel(Unknown Source)
	at java.util.stream.AbstractPipeline.copyInto(Unknown Source)
	at java.util.stream.AbstractPipeline.wrapAndCopyInto(Unknown Source)
	at java.util.stream.FindOps$FindOp.evaluateSequential(Unknown Source)
	at java.util.stream.AbstractPipeline.evaluate(Unknown Source)
	at java.util.stream.ReferencePipeline.findFirst(Unknown Source)
	at org.openqa.selenium.remote.ProtocolHandshake.createSession(ProtocolHandshake.java:362)
	at org.openqa.selenium.remote.ProtocolHandshake.createSession(ProtocolHandshake.java:136)
	at org.openqa.selenium.remote.HttpCommandExecutor.execute(HttpCommandExecutor.java:142)
	at org.openqa.selenium.remote.service.DriverCommandExecutor.execute(DriverCommandExecutor.java:82)
	at org.openqa.selenium.remote.RemoteWebDriver.execute(RemoteWebDriver.java:646)
	at org.openqa.selenium.remote.RemoteWebDriver.startSession(RemoteWebDriver.java:255)
	at org.openqa.selenium.remote.RemoteWebDriver.startSession(RemoteWebDriver.java:237)
	at org.openqa.selenium.remote.RemoteWebDriver.&lt;init&gt;(RemoteWebDriver.java:138)
	at org.openqa.selenium.chrome.ChromeDriver.&lt;init&gt;(ChromeDriver.java:178)
	at org.openqa.selenium.chrome.ChromeDriver.&lt;init&gt;(ChromeDriver.java:167)
	at org.openqa.selenium.chrome.ChromeDriver.&lt;init&gt;(ChromeDriver.java:124)
	at utilities.common_opps.initChromeDriver(common_opps.java:85)
	at utilities.common_opps.initBrowser(common_opps.java:60)
	at utilities.common_opps.beforeClass(common_opps.java:193)
	at java.util.concurrent.FutureTask.run(Unknown Source)
	at java.util.concurrent.ThreadPoolExecutor.runWorker(Unknown Source)
	at java.util.concurrent.ThreadPoolExecutor$Worker.run(Unknown Source)
	at java.lang.Thread.run(Unknown Source)
... Removed 21 stack frames</pre></div><a href='#' onClick='toggleBox("stack-trace1039501113", this, "Click to show all stack frames", "Click to hide stack frames")'>Click to show all stack frames</a>
<div class='stack-trace' id='stack-trace1039501113'><pre>org.openqa.selenium.SessionNotCreatedException: session not created
from chrome not reachable
  (Session info: chrome=77.0.3865.75)
Build info: version: &apos;unknown&apos;, revision: &apos;unknown&apos;, time: &apos;unknown&apos;
System info: host: &apos;DESKTOP-PAON71K&apos;, ip: &apos;192.168.1.28&apos;, os.name: &apos;Windows 10&apos;, os.arch: &apos;amd64&apos;, os.version: &apos;10.0&apos;, java.version: &apos;1.8.0_201&apos;
Driver info: driver.version: ChromeDriver
remote stacktrace: Backtrace:
	Ordinal0 [0x0097EB13+1501971]
	Ordinal0 [0x008FF6D1+980689]
	Ordinal0 [0x00887508+488712]
	Ordinal0 [0x0088131A+463642]
	Ordinal0 [0x008819C8+465352]
	Ordinal0 [0x00882AA5+469669]
	Ordinal0 [0x0087EC85+453765]
	Ordinal0 [0x00888330+492336]
	Ordinal0 [0x0083A108+172296]
	Ordinal0 [0x0083942D+169005]
	Ordinal0 [0x008378EB+162027]
	Ordinal0 [0x00820AC7+68295]
	Ordinal0 [0x00821B40+72512]
	Ordinal0 [0x00821AD9+72409]
	Ordinal0 [0x00918F37+1085239]
	GetHandleVerifier [0x00A1D7ED+503293]
	GetHandleVerifier [0x00A1D580+502672]
	GetHandleVerifier [0x00A246AC+531644]
	GetHandleVerifier [0x00A1DFFA+505354]
	Ordinal0 [0x00910606+1050118]
	Ordinal0 [0x0091047F+1049727]
	Ordinal0 [0x0091AF9B+1093531]
	Ordinal0 [0x0091B103+1093891]
	Ordinal0 [0x0091A095+1089685]
	BaseThreadInitThunk [0x75686359+25]
	RtlGetAppContainerNamedObjectPath [0x77E27B74+228]
	RtlGetAppContainerNamedObjectPath [0x77E27B44+180]

	at sun.reflect.NativeConstructorAccessorImpl.newInstance0(Native Method)
	at sun.reflect.NativeConstructorAccessorImpl.newInstance(Unknown Source)
	at sun.reflect.DelegatingConstructorAccessorImpl.newInstance(Unknown Source)
	at java.lang.reflect.Constructor.newInstance(Unknown Source)
	at org.openqa.selenium.remote.W3CHandshakeResponse.lambda$new$0(W3CHandshakeResponse.java:57)
	at org.openqa.selenium.remote.W3CHandshakeResponse.lambda$getResponseFunction$2(W3CHandshakeResponse.java:104)
	at org.openqa.selenium.remote.ProtocolHandshake.lambda$createSession$24(ProtocolHandshake.java:359)
	at java.util.stream.ReferencePipeline$3$1.accept(Unknown Source)
	at java.util.Spliterators$ArraySpliterator.tryAdvance(Unknown Source)
	at java.util.stream.ReferencePipeline.forEachWithCancel(Unknown Source)
	at java.util.stream.AbstractPipeline.copyIntoWithCancel(Unknown Source)
	at java.util.stream.AbstractPipeline.copyInto(Unknown Source)
	at java.util.stream.AbstractPipeline.wrapAndCopyInto(Unknown Source)
	at java.util.stream.FindOps$FindOp.evaluateSequential(Unknown Source)
	at java.util.stream.AbstractPipeline.evaluate(Unknown Source)
	at java.util.stream.ReferencePipeline.findFirst(Unknown Source)
	at org.openqa.selenium.remote.ProtocolHandshake.createSession(ProtocolHandshake.java:362)
	at org.openqa.selenium.remote.ProtocolHandshake.createSession(ProtocolHandshake.java:136)
	at org.openqa.selenium.remote.HttpCommandExecutor.execute(HttpCommandExecutor.java:142)
	at org.openqa.selenium.remote.service.DriverCommandExecutor.execute(DriverCommandExecutor.java:82)
	at org.openqa.selenium.remote.RemoteWebDriver.execute(RemoteWebDriver.java:646)
	at org.openqa.selenium.remote.RemoteWebDriver.startSession(RemoteWebDriver.java:255)
	at org.openqa.selenium.remote.RemoteWebDriver.startSession(RemoteWebDriver.java:237)
	at org.openqa.selenium.remote.RemoteWebDriver.&lt;init&gt;(RemoteWebDriver.java:138)
	at org.openqa.selenium.chrome.ChromeDriver.&lt;init&gt;(ChromeDriver.java:178)
	at org.openqa.selenium.chrome.ChromeDriver.&lt;init&gt;(ChromeDriver.java:167)
	at org.openqa.selenium.chrome.ChromeDriver.&lt;init&gt;(ChromeDriver.java:124)
	at utilities.common_opps.initChromeDriver(common_opps.java:85)
	at utilities.common_opps.initBrowser(common_opps.java:60)
	at utilities.common_opps.beforeClass(common_opps.java:193)
	at sun.reflect.NativeMethodAccessorImpl.invoke0(Native Method)
	at sun.reflect.NativeMethodAccessorImpl.invoke(Unknown Source)
	at sun.reflect.DelegatingMethodAccessorImpl.invoke(Unknown Source)
	at java.lang.reflect.Method.invoke(Unknown Source)
	at org.testng.internal.MethodInvocationHelper.invokeMethod(MethodInvocationHelper.java:124)
	at org.testng.internal.MethodInvocationHelper.invokeMethodConsideringTimeout(MethodInvocationHelper.java:59)
	at org.testng.internal.Invoker.invokeConfigurationMethod(Invoker.java:458)
	at org.testng.internal.Invoker.invokeConfigurations(Invoker.java:222)
	at org.testng.internal.Invoker.invokeConfigurations(Invoker.java:142)
	at org.testng.internal.TestMethodWorker.invokeBeforeClassMethods(TestMethodWorker.java:168)
	at org.testng.internal.TestMethodWorker.run(TestMethodWorker.java:105)
	at org.testng.TestRunner.privateRun(TestRunner.java:648)
	at org.testng.TestRunner.run(TestRunner.java:505)
	at org.testng.SuiteRunner.runTest(SuiteRunner.java:455)
	at org.testng.SuiteRunner.access$000(SuiteRunner.java:40)
	at org.testng.SuiteRunner$SuiteWorker.run(SuiteRunner.java:489)
	at org.testng.internal.thread.ThreadUtil$1.call(ThreadUtil.java:52)
	at java.util.concurrent.FutureTask.run(Unknown Source)
	at java.util.concurrent.ThreadPoolExecutor.runWorker(Unknown Source)
	at java.util.concurrent.ThreadPoolExecutor$Worker.run(Unknown Source)
	at java.lang.Thread.run(Unknown Source)
</pre></div></td>
<td>0</td>
<td>Web_Tests.YouTube_search_and_play@17579e0f</td></tr>
<tr>
<td title='Web_Tests.YouTube_search_and_play.Test002_searchValueFromDB()'><b>Test002_searchValueFromDB</b><br>Test class: Web_Tests.YouTube_search_and_play</td>
<td><div><pre>org.openqa.selenium.SessionNotCreatedException: session not created
from chrome not reachable
  (Session info: chrome=77.0.3865.75)
Build info: version: &apos;unknown&apos;, revision: &apos;unknown&apos;, time: &apos;unknown&apos;
System info: host: &apos;DESKTOP-PAON71K&apos;, ip: &apos;192.168.1.28&apos;, os.name: &apos;Windows 10&apos;, os.arch: &apos;amd64&apos;, os.version: &apos;10.0&apos;, java.version: &apos;1.8.0_201&apos;
Driver info: driver.version: ChromeDriver
remote stacktrace: Backtrace:
	Ordinal0 [0x0097EB13+1501971]
	Ordinal0 [0x008FF6D1+980689]
	Ordinal0 [0x00887508+488712]
	Ordinal0 [0x0088131A+463642]
	Ordinal0 [0x008819C8+465352]
	Ordinal0 [0x00882AA5+469669]
	Ordinal0 [0x0087EC85+453765]
	Ordinal0 [0x00888330+492336]
	Ordinal0 [0x0083A108+172296]
	Ordinal0 [0x0083942D+169005]
	Ordinal0 [0x008378EB+162027]
	Ordinal0 [0x00820AC7+68295]
	Ordinal0 [0x00821B40+72512]
	Ordinal0 [0x00821AD9+72409]
	Ordinal0 [0x00918F37+1085239]
	GetHandleVerifier [0x00A1D7ED+503293]
	GetHandleVerifier [0x00A1D580+502672]
	GetHandleVerifier [0x00A246AC+531644]
	GetHandleVerifier [0x00A1DFFA+505354]
	Ordinal0 [0x00910606+1050118]
	Ordinal0 [0x0091047F+1049727]
	Ordinal0 [0x0091AF9B+1093531]
	Ordinal0 [0x0091B103+1093891]
	Ordinal0 [0x0091A095+1089685]
	BaseThreadInitThunk [0x75686359+25]
	RtlGetAppContainerNamedObjectPath [0x77E27B74+228]
	RtlGetAppContainerNamedObjectPath [0x77E27B44+180]

	at org.openqa.selenium.remote.W3CHandshakeResponse.lambda$new$0(W3CHandshakeResponse.java:57)
	at org.openqa.selenium.remote.W3CHandshakeResponse.lambda$getResponseFunction$2(W3CHandshakeResponse.java:104)
	at org.openqa.selenium.remote.ProtocolHandshake.lambda$createSession$24(ProtocolHandshake.java:359)
	at java.util.stream.ReferencePipeline$3$1.accept(Unknown Source)
	at java.util.Spliterators$ArraySpliterator.tryAdvance(Unknown Source)
	at java.util.stream.ReferencePipeline.forEachWithCancel(Unknown Source)
	at java.util.stream.AbstractPipeline.copyIntoWithCancel(Unknown Source)
	at java.util.stream.AbstractPipeline.copyInto(Unknown Source)
	at java.util.stream.AbstractPipeline.wrapAndCopyInto(Unknown Source)
	at java.util.stream.FindOps$FindOp.evaluateSequential(Unknown Source)
	at java.util.stream.AbstractPipeline.evaluate(Unknown Source)
	at java.util.stream.ReferencePipeline.findFirst(Unknown Source)
	at org.openqa.selenium.remote.ProtocolHandshake.createSession(ProtocolHandshake.java:362)
	at org.openqa.selenium.remote.ProtocolHandshake.createSession(ProtocolHandshake.java:136)
	at org.openqa.selenium.remote.HttpCommandExecutor.execute(HttpCommandExecutor.java:142)
	at org.openqa.selenium.remote.service.DriverCommandExecutor.execute(DriverCommandExecutor.java:82)
	at org.openqa.selenium.remote.RemoteWebDriver.execute(RemoteWebDriver.java:646)
	at org.openqa.selenium.remote.RemoteWebDriver.startSession(RemoteWebDriver.java:255)
	at org.openqa.selenium.remote.RemoteWebDriver.startSession(RemoteWebDriver.java:237)
	at org.openqa.selenium.remote.RemoteWebDriver.&lt;init&gt;(RemoteWebDriver.java:138)
	at org.openqa.selenium.chrome.ChromeDriver.&lt;init&gt;(ChromeDriver.java:178)
	at org.openqa.selenium.chrome.ChromeDriver.&lt;init&gt;(ChromeDriver.java:167)
	at org.openqa.selenium.chrome.ChromeDriver.&lt;init&gt;(ChromeDriver.java:124)
	at utilities.common_opps.initChromeDriver(common_opps.java:85)
	at utilities.common_opps.initBrowser(common_opps.java:60)
	at utilities.common_opps.beforeClass(common_opps.java:193)
	at java.util.concurrent.FutureTask.run(Unknown Source)
	at java.util.concurrent.ThreadPoolExecutor.runWorker(Unknown Source)
	at java.util.concurrent.ThreadPoolExecutor$Worker.run(Unknown Source)
	at java.lang.Thread.run(Unknown Source)
... Removed 21 stack frames</pre></div><a href='#' onClick='toggleBox("stack-trace1072796321", this, "Click to show all stack frames", "Click to hide stack frames")'>Click to show all stack frames</a>
<div class='stack-trace' id='stack-trace1072796321'><pre>org.openqa.selenium.SessionNotCreatedException: session not created
from chrome not reachable
  (Session info: chrome=77.0.3865.75)
Build info: version: &apos;unknown&apos;, revision: &apos;unknown&apos;, time: &apos;unknown&apos;
System info: host: &apos;DESKTOP-PAON71K&apos;, ip: &apos;192.168.1.28&apos;, os.name: &apos;Windows 10&apos;, os.arch: &apos;amd64&apos;, os.version: &apos;10.0&apos;, java.version: &apos;1.8.0_201&apos;
Driver info: driver.version: ChromeDriver
remote stacktrace: Backtrace:
	Ordinal0 [0x0097EB13+1501971]
	Ordinal0 [0x008FF6D1+980689]
	Ordinal0 [0x00887508+488712]
	Ordinal0 [0x0088131A+463642]
	Ordinal0 [0x008819C8+465352]
	Ordinal0 [0x00882AA5+469669]
	Ordinal0 [0x0087EC85+453765]
	Ordinal0 [0x00888330+492336]
	Ordinal0 [0x0083A108+172296]
	Ordinal0 [0x0083942D+169005]
	Ordinal0 [0x008378EB+162027]
	Ordinal0 [0x00820AC7+68295]
	Ordinal0 [0x00821B40+72512]
	Ordinal0 [0x00821AD9+72409]
	Ordinal0 [0x00918F37+1085239]
	GetHandleVerifier [0x00A1D7ED+503293]
	GetHandleVerifier [0x00A1D580+502672]
	GetHandleVerifier [0x00A246AC+531644]
	GetHandleVerifier [0x00A1DFFA+505354]
	Ordinal0 [0x00910606+1050118]
	Ordinal0 [0x0091047F+1049727]
	Ordinal0 [0x0091AF9B+1093531]
	Ordinal0 [0x0091B103+1093891]
	Ordinal0 [0x0091A095+1089685]
	BaseThreadInitThunk [0x75686359+25]
	RtlGetAppContainerNamedObjectPath [0x77E27B74+228]
	RtlGetAppContainerNamedObjectPath [0x77E27B44+180]

	at sun.reflect.NativeConstructorAccessorImpl.newInstance0(Native Method)
	at sun.reflect.NativeConstructorAccessorImpl.newInstance(Unknown Source)
	at sun.reflect.DelegatingConstructorAccessorImpl.newInstance(Unknown Source)
	at java.lang.reflect.Constructor.newInstance(Unknown Source)
	at org.openqa.selenium.remote.W3CHandshakeResponse.lambda$new$0(W3CHandshakeResponse.java:57)
	at org.openqa.selenium.remote.W3CHandshakeResponse.lambda$getResponseFunction$2(W3CHandshakeResponse.java:104)
	at org.openqa.selenium.remote.ProtocolHandshake.lambda$createSession$24(ProtocolHandshake.java:359)
	at java.util.stream.ReferencePipeline$3$1.accept(Unknown Source)
	at java.util.Spliterators$ArraySpliterator.tryAdvance(Unknown Source)
	at java.util.stream.ReferencePipeline.forEachWithCancel(Unknown Source)
	at java.util.stream.AbstractPipeline.copyIntoWithCancel(Unknown Source)
	at java.util.stream.AbstractPipeline.copyInto(Unknown Source)
	at java.util.stream.AbstractPipeline.wrapAndCopyInto(Unknown Source)
	at java.util.stream.FindOps$FindOp.evaluateSequential(Unknown Source)
	at java.util.stream.AbstractPipeline.evaluate(Unknown Source)
	at java.util.stream.ReferencePipeline.findFirst(Unknown Source)
	at org.openqa.selenium.remote.ProtocolHandshake.createSession(ProtocolHandshake.java:362)
	at org.openqa.selenium.remote.ProtocolHandshake.createSession(ProtocolHandshake.java:136)
	at org.openqa.selenium.remote.HttpCommandExecutor.execute(HttpCommandExecutor.java:142)
	at org.openqa.selenium.remote.service.DriverCommandExecutor.execute(DriverCommandExecutor.java:82)
	at org.openqa.selenium.remote.RemoteWebDriver.execute(RemoteWebDriver.java:646)
	at org.openqa.selenium.remote.RemoteWebDriver.startSession(RemoteWebDriver.java:255)
	at org.openqa.selenium.remote.RemoteWebDriver.startSession(RemoteWebDriver.java:237)
	at org.openqa.selenium.remote.RemoteWebDriver.&lt;init&gt;(RemoteWebDriver.java:138)
	at org.openqa.selenium.chrome.ChromeDriver.&lt;init&gt;(ChromeDriver.java:178)
	at org.openqa.selenium.chrome.ChromeDriver.&lt;init&gt;(ChromeDriver.java:167)
	at org.openqa.selenium.chrome.ChromeDriver.&lt;init&gt;(ChromeDriver.java:124)
	at utilities.common_opps.initChromeDriver(common_opps.java:85)
	at utilities.common_opps.initBrowser(common_opps.java:60)
	at utilities.common_opps.beforeClass(common_opps.java:193)
	at sun.reflect.NativeMethodAccessorImpl.invoke0(Native Method)
	at sun.reflect.NativeMethodAccessorImpl.invoke(Unknown Source)
	at sun.reflect.DelegatingMethodAccessorImpl.invoke(Unknown Source)
	at java.lang.reflect.Method.invoke(Unknown Source)
	at org.testng.internal.MethodInvocationHelper.invokeMethod(MethodInvocationHelper.java:124)
	at org.testng.internal.MethodInvocationHelper.invokeMethodConsideringTimeout(MethodInvocationHelper.java:59)
	at org.testng.internal.Invoker.invokeConfigurationMethod(Invoker.java:458)
	at org.testng.internal.Invoker.invokeConfigurations(Invoker.java:222)
	at org.testng.internal.Invoker.invokeConfigurations(Invoker.java:142)
	at org.testng.internal.TestMethodWorker.invokeBeforeClassMethods(TestMethodWorker.java:168)
	at org.testng.internal.TestMethodWorker.run(TestMethodWorker.java:105)
	at org.testng.TestRunner.privateRun(TestRunner.java:648)
	at org.testng.TestRunner.run(TestRunner.java:505)
	at org.testng.SuiteRunner.runTest(SuiteRunner.java:455)
	at org.testng.SuiteRunner.access$000(SuiteRunner.java:40)
	at org.testng.SuiteRunner$SuiteWorker.run(SuiteRunner.java:489)
	at org.testng.internal.thread.ThreadUtil$1.call(ThreadUtil.java:52)
	at java.util.concurrent.FutureTask.run(Unknown Source)
	at java.util.concurrent.ThreadPoolExecutor.runWorker(Unknown Source)
	at java.util.concurrent.ThreadPoolExecutor$Worker.run(Unknown Source)
	at java.lang.Thread.run(Unknown Source)
</pre></div></td>
<td>0</td>
<td>Web_Tests.YouTube_search_and_play@17579e0f</td></tr>
<tr>
<td title='Web_Tests.YouTube_search_and_play.Test003_VerifyHorizontalAlbumsListSize()'><b>Test003_VerifyHorizontalAlbumsListSize</b><br>Test class: Web_Tests.YouTube_search_and_play</td>
<td><div><pre>org.openqa.selenium.SessionNotCreatedException: session not created
from chrome not reachable
  (Session info: chrome=77.0.3865.75)
Build info: version: &apos;unknown&apos;, revision: &apos;unknown&apos;, time: &apos;unknown&apos;
System info: host: &apos;DESKTOP-PAON71K&apos;, ip: &apos;192.168.1.28&apos;, os.name: &apos;Windows 10&apos;, os.arch: &apos;amd64&apos;, os.version: &apos;10.0&apos;, java.version: &apos;1.8.0_201&apos;
Driver info: driver.version: ChromeDriver
remote stacktrace: Backtrace:
	Ordinal0 [0x0097EB13+1501971]
	Ordinal0 [0x008FF6D1+980689]
	Ordinal0 [0x00887508+488712]
	Ordinal0 [0x0088131A+463642]
	Ordinal0 [0x008819C8+465352]
	Ordinal0 [0x00882AA5+469669]
	Ordinal0 [0x0087EC85+453765]
	Ordinal0 [0x00888330+492336]
	Ordinal0 [0x0083A108+172296]
	Ordinal0 [0x0083942D+169005]
	Ordinal0 [0x008378EB+162027]
	Ordinal0 [0x00820AC7+68295]
	Ordinal0 [0x00821B40+72512]
	Ordinal0 [0x00821AD9+72409]
	Ordinal0 [0x00918F37+1085239]
	GetHandleVerifier [0x00A1D7ED+503293]
	GetHandleVerifier [0x00A1D580+502672]
	GetHandleVerifier [0x00A246AC+531644]
	GetHandleVerifier [0x00A1DFFA+505354]
	Ordinal0 [0x00910606+1050118]
	Ordinal0 [0x0091047F+1049727]
	Ordinal0 [0x0091AF9B+1093531]
	Ordinal0 [0x0091B103+1093891]
	Ordinal0 [0x0091A095+1089685]
	BaseThreadInitThunk [0x75686359+25]
	RtlGetAppContainerNamedObjectPath [0x77E27B74+228]
	RtlGetAppContainerNamedObjectPath [0x77E27B44+180]

	at org.openqa.selenium.remote.W3CHandshakeResponse.lambda$new$0(W3CHandshakeResponse.java:57)
	at org.openqa.selenium.remote.W3CHandshakeResponse.lambda$getResponseFunction$2(W3CHandshakeResponse.java:104)
	at org.openqa.selenium.remote.ProtocolHandshake.lambda$createSession$24(ProtocolHandshake.java:359)
	at java.util.stream.ReferencePipeline$3$1.accept(Unknown Source)
	at java.util.Spliterators$ArraySpliterator.tryAdvance(Unknown Source)
	at java.util.stream.ReferencePipeline.forEachWithCancel(Unknown Source)
	at java.util.stream.AbstractPipeline.copyIntoWithCancel(Unknown Source)
	at java.util.stream.AbstractPipeline.copyInto(Unknown Source)
	at java.util.stream.AbstractPipeline.wrapAndCopyInto(Unknown Source)
	at java.util.stream.FindOps$FindOp.evaluateSequential(Unknown Source)
	at java.util.stream.AbstractPipeline.evaluate(Unknown Source)
	at java.util.stream.ReferencePipeline.findFirst(Unknown Source)
	at org.openqa.selenium.remote.ProtocolHandshake.createSession(ProtocolHandshake.java:362)
	at org.openqa.selenium.remote.ProtocolHandshake.createSession(ProtocolHandshake.java:136)
	at org.openqa.selenium.remote.HttpCommandExecutor.execute(HttpCommandExecutor.java:142)
	at org.openqa.selenium.remote.service.DriverCommandExecutor.execute(DriverCommandExecutor.java:82)
	at org.openqa.selenium.remote.RemoteWebDriver.execute(RemoteWebDriver.java:646)
	at org.openqa.selenium.remote.RemoteWebDriver.startSession(RemoteWebDriver.java:255)
	at org.openqa.selenium.remote.RemoteWebDriver.startSession(RemoteWebDriver.java:237)
	at org.openqa.selenium.remote.RemoteWebDriver.&lt;init&gt;(RemoteWebDriver.java:138)
	at org.openqa.selenium.chrome.ChromeDriver.&lt;init&gt;(ChromeDriver.java:178)
	at org.openqa.selenium.chrome.ChromeDriver.&lt;init&gt;(ChromeDriver.java:167)
	at org.openqa.selenium.chrome.ChromeDriver.&lt;init&gt;(ChromeDriver.java:124)
	at utilities.common_opps.initChromeDriver(common_opps.java:85)
	at utilities.common_opps.initBrowser(common_opps.java:60)
	at utilities.common_opps.beforeClass(common_opps.java:193)
	at java.util.concurrent.FutureTask.run(Unknown Source)
	at java.util.concurrent.ThreadPoolExecutor.runWorker(Unknown Source)
	at java.util.concurrent.ThreadPoolExecutor$Worker.run(Unknown Source)
	at java.lang.Thread.run(Unknown Source)
... Removed 21 stack frames</pre></div><a href='#' onClick='toggleBox("stack-trace1705963066", this, "Click to show all stack frames", "Click to hide stack frames")'>Click to show all stack frames</a>
<div class='stack-trace' id='stack-trace1705963066'><pre>org.openqa.selenium.SessionNotCreatedException: session not created
from chrome not reachable
  (Session info: chrome=77.0.3865.75)
Build info: version: &apos;unknown&apos;, revision: &apos;unknown&apos;, time: &apos;unknown&apos;
System info: host: &apos;DESKTOP-PAON71K&apos;, ip: &apos;192.168.1.28&apos;, os.name: &apos;Windows 10&apos;, os.arch: &apos;amd64&apos;, os.version: &apos;10.0&apos;, java.version: &apos;1.8.0_201&apos;
Driver info: driver.version: ChromeDriver
remote stacktrace: Backtrace:
	Ordinal0 [0x0097EB13+1501971]
	Ordinal0 [0x008FF6D1+980689]
	Ordinal0 [0x00887508+488712]
	Ordinal0 [0x0088131A+463642]
	Ordinal0 [0x008819C8+465352]
	Ordinal0 [0x00882AA5+469669]
	Ordinal0 [0x0087EC85+453765]
	Ordinal0 [0x00888330+492336]
	Ordinal0 [0x0083A108+172296]
	Ordinal0 [0x0083942D+169005]
	Ordinal0 [0x008378EB+162027]
	Ordinal0 [0x00820AC7+68295]
	Ordinal0 [0x00821B40+72512]
	Ordinal0 [0x00821AD9+72409]
	Ordinal0 [0x00918F37+1085239]
	GetHandleVerifier [0x00A1D7ED+503293]
	GetHandleVerifier [0x00A1D580+502672]
	GetHandleVerifier [0x00A246AC+531644]
	GetHandleVerifier [0x00A1DFFA+505354]
	Ordinal0 [0x00910606+1050118]
	Ordinal0 [0x0091047F+1049727]
	Ordinal0 [0x0091AF9B+1093531]
	Ordinal0 [0x0091B103+1093891]
	Ordinal0 [0x0091A095+1089685]
	BaseThreadInitThunk [0x75686359+25]
	RtlGetAppContainerNamedObjectPath [0x77E27B74+228]
	RtlGetAppContainerNamedObjectPath [0x77E27B44+180]

	at sun.reflect.NativeConstructorAccessorImpl.newInstance0(Native Method)
	at sun.reflect.NativeConstructorAccessorImpl.newInstance(Unknown Source)
	at sun.reflect.DelegatingConstructorAccessorImpl.newInstance(Unknown Source)
	at java.lang.reflect.Constructor.newInstance(Unknown Source)
	at org.openqa.selenium.remote.W3CHandshakeResponse.lambda$new$0(W3CHandshakeResponse.java:57)
	at org.openqa.selenium.remote.W3CHandshakeResponse.lambda$getResponseFunction$2(W3CHandshakeResponse.java:104)
	at org.openqa.selenium.remote.ProtocolHandshake.lambda$createSession$24(ProtocolHandshake.java:359)
	at java.util.stream.ReferencePipeline$3$1.accept(Unknown Source)
	at java.util.Spliterators$ArraySpliterator.tryAdvance(Unknown Source)
	at java.util.stream.ReferencePipeline.forEachWithCancel(Unknown Source)
	at java.util.stream.AbstractPipeline.copyIntoWithCancel(Unknown Source)
	at java.util.stream.AbstractPipeline.copyInto(Unknown Source)
	at java.util.stream.AbstractPipeline.wrapAndCopyInto(Unknown Source)
	at java.util.stream.FindOps$FindOp.evaluateSequential(Unknown Source)
	at java.util.stream.AbstractPipeline.evaluate(Unknown Source)
	at java.util.stream.ReferencePipeline.findFirst(Unknown Source)
	at org.openqa.selenium.remote.ProtocolHandshake.createSession(ProtocolHandshake.java:362)
	at org.openqa.selenium.remote.ProtocolHandshake.createSession(ProtocolHandshake.java:136)
	at org.openqa.selenium.remote.HttpCommandExecutor.execute(HttpCommandExecutor.java:142)
	at org.openqa.selenium.remote.service.DriverCommandExecutor.execute(DriverCommandExecutor.java:82)
	at org.openqa.selenium.remote.RemoteWebDriver.execute(RemoteWebDriver.java:646)
	at org.openqa.selenium.remote.RemoteWebDriver.startSession(RemoteWebDriver.java:255)
	at org.openqa.selenium.remote.RemoteWebDriver.startSession(RemoteWebDriver.java:237)
	at org.openqa.selenium.remote.RemoteWebDriver.&lt;init&gt;(RemoteWebDriver.java:138)
	at org.openqa.selenium.chrome.ChromeDriver.&lt;init&gt;(ChromeDriver.java:178)
	at org.openqa.selenium.chrome.ChromeDriver.&lt;init&gt;(ChromeDriver.java:167)
	at org.openqa.selenium.chrome.ChromeDriver.&lt;init&gt;(ChromeDriver.java:124)
	at utilities.common_opps.initChromeDriver(common_opps.java:85)
	at utilities.common_opps.initBrowser(common_opps.java:60)
	at utilities.common_opps.beforeClass(common_opps.java:193)
	at sun.reflect.NativeMethodAccessorImpl.invoke0(Native Method)
	at sun.reflect.NativeMethodAccessorImpl.invoke(Unknown Source)
	at sun.reflect.DelegatingMethodAccessorImpl.invoke(Unknown Source)
	at java.lang.reflect.Method.invoke(Unknown Source)
	at org.testng.internal.MethodInvocationHelper.invokeMethod(MethodInvocationHelper.java:124)
	at org.testng.internal.MethodInvocationHelper.invokeMethodConsideringTimeout(MethodInvocationHelper.java:59)
	at org.testng.internal.Invoker.invokeConfigurationMethod(Invoker.java:458)
	at org.testng.internal.Invoker.invokeConfigurations(Invoker.java:222)
	at org.testng.internal.Invoker.invokeConfigurations(Invoker.java:142)
	at org.testng.internal.TestMethodWorker.invokeBeforeClassMethods(TestMethodWorker.java:168)
	at org.testng.internal.TestMethodWorker.run(TestMethodWorker.java:105)
	at org.testng.TestRunner.privateRun(TestRunner.java:648)
	at org.testng.TestRunner.run(TestRunner.java:505)
	at org.testng.SuiteRunner.runTest(SuiteRunner.java:455)
	at org.testng.SuiteRunner.access$000(SuiteRunner.java:40)
	at org.testng.SuiteRunner$SuiteWorker.run(SuiteRunner.java:489)
	at org.testng.internal.thread.ThreadUtil$1.call(ThreadUtil.java:52)
	at java.util.concurrent.FutureTask.run(Unknown Source)
	at java.util.concurrent.ThreadPoolExecutor.runWorker(Unknown Source)
	at java.util.concurrent.ThreadPoolExecutor$Worker.run(Unknown Source)
	at java.lang.Thread.run(Unknown Source)
</pre></div></td>
<td>0</td>
<td>Web_Tests.YouTube_search_and_play@17579e0f</td></tr>
<tr>
<td title='Web_Tests.YouTube_search_and_play.Test004_VerifyVerticalAlbumsTextListAndClick()'><b>Test004_VerifyVerticalAlbumsTextListAndClick</b><br>Test class: Web_Tests.YouTube_search_and_play</td>
<td><div><pre>org.openqa.selenium.SessionNotCreatedException: session not created
from chrome not reachable
  (Session info: chrome=77.0.3865.75)
Build info: version: &apos;unknown&apos;, revision: &apos;unknown&apos;, time: &apos;unknown&apos;
System info: host: &apos;DESKTOP-PAON71K&apos;, ip: &apos;192.168.1.28&apos;, os.name: &apos;Windows 10&apos;, os.arch: &apos;amd64&apos;, os.version: &apos;10.0&apos;, java.version: &apos;1.8.0_201&apos;
Driver info: driver.version: ChromeDriver
remote stacktrace: Backtrace:
	Ordinal0 [0x0097EB13+1501971]
	Ordinal0 [0x008FF6D1+980689]
	Ordinal0 [0x00887508+488712]
	Ordinal0 [0x0088131A+463642]
	Ordinal0 [0x008819C8+465352]
	Ordinal0 [0x00882AA5+469669]
	Ordinal0 [0x0087EC85+453765]
	Ordinal0 [0x00888330+492336]
	Ordinal0 [0x0083A108+172296]
	Ordinal0 [0x0083942D+169005]
	Ordinal0 [0x008378EB+162027]
	Ordinal0 [0x00820AC7+68295]
	Ordinal0 [0x00821B40+72512]
	Ordinal0 [0x00821AD9+72409]
	Ordinal0 [0x00918F37+1085239]
	GetHandleVerifier [0x00A1D7ED+503293]
	GetHandleVerifier [0x00A1D580+502672]
	GetHandleVerifier [0x00A246AC+531644]
	GetHandleVerifier [0x00A1DFFA+505354]
	Ordinal0 [0x00910606+1050118]
	Ordinal0 [0x0091047F+1049727]
	Ordinal0 [0x0091AF9B+1093531]
	Ordinal0 [0x0091B103+1093891]
	Ordinal0 [0x0091A095+1089685]
	BaseThreadInitThunk [0x75686359+25]
	RtlGetAppContainerNamedObjectPath [0x77E27B74+228]
	RtlGetAppContainerNamedObjectPath [0x77E27B44+180]

	at org.openqa.selenium.remote.W3CHandshakeResponse.lambda$new$0(W3CHandshakeResponse.java:57)
	at org.openqa.selenium.remote.W3CHandshakeResponse.lambda$getResponseFunction$2(W3CHandshakeResponse.java:104)
	at org.openqa.selenium.remote.ProtocolHandshake.lambda$createSession$24(ProtocolHandshake.java:359)
	at java.util.stream.ReferencePipeline$3$1.accept(Unknown Source)
	at java.util.Spliterators$ArraySpliterator.tryAdvance(Unknown Source)
	at java.util.stream.ReferencePipeline.forEachWithCancel(Unknown Source)
	at java.util.stream.AbstractPipeline.copyIntoWithCancel(Unknown Source)
	at java.util.stream.AbstractPipeline.copyInto(Unknown Source)
	at java.util.stream.AbstractPipeline.wrapAndCopyInto(Unknown Source)
	at java.util.stream.FindOps$FindOp.evaluateSequential(Unknown Source)
	at java.util.stream.AbstractPipeline.evaluate(Unknown Source)
	at java.util.stream.ReferencePipeline.findFirst(Unknown Source)
	at org.openqa.selenium.remote.ProtocolHandshake.createSession(ProtocolHandshake.java:362)
	at org.openqa.selenium.remote.ProtocolHandshake.createSession(ProtocolHandshake.java:136)
	at org.openqa.selenium.remote.HttpCommandExecutor.execute(HttpCommandExecutor.java:142)
	at org.openqa.selenium.remote.service.DriverCommandExecutor.execute(DriverCommandExecutor.java:82)
	at org.openqa.selenium.remote.RemoteWebDriver.execute(RemoteWebDriver.java:646)
	at org.openqa.selenium.remote.RemoteWebDriver.startSession(RemoteWebDriver.java:255)
	at org.openqa.selenium.remote.RemoteWebDriver.startSession(RemoteWebDriver.java:237)
	at org.openqa.selenium.remote.RemoteWebDriver.&lt;init&gt;(RemoteWebDriver.java:138)
	at org.openqa.selenium.chrome.ChromeDriver.&lt;init&gt;(ChromeDriver.java:178)
	at org.openqa.selenium.chrome.ChromeDriver.&lt;init&gt;(ChromeDriver.java:167)
	at org.openqa.selenium.chrome.ChromeDriver.&lt;init&gt;(ChromeDriver.java:124)
	at utilities.common_opps.initChromeDriver(common_opps.java:85)
	at utilities.common_opps.initBrowser(common_opps.java:60)
	at utilities.common_opps.beforeClass(common_opps.java:193)
	at java.util.concurrent.FutureTask.run(Unknown Source)
	at java.util.concurrent.ThreadPoolExecutor.runWorker(Unknown Source)
	at java.util.concurrent.ThreadPoolExecutor$Worker.run(Unknown Source)
	at java.lang.Thread.run(Unknown Source)
... Removed 21 stack frames</pre></div><a href='#' onClick='toggleBox("stack-trace1736021597", this, "Click to show all stack frames", "Click to hide stack frames")'>Click to show all stack frames</a>
<div class='stack-trace' id='stack-trace1736021597'><pre>org.openqa.selenium.SessionNotCreatedException: session not created
from chrome not reachable
  (Session info: chrome=77.0.3865.75)
Build info: version: &apos;unknown&apos;, revision: &apos;unknown&apos;, time: &apos;unknown&apos;
System info: host: &apos;DESKTOP-PAON71K&apos;, ip: &apos;192.168.1.28&apos;, os.name: &apos;Windows 10&apos;, os.arch: &apos;amd64&apos;, os.version: &apos;10.0&apos;, java.version: &apos;1.8.0_201&apos;
Driver info: driver.version: ChromeDriver
remote stacktrace: Backtrace:
	Ordinal0 [0x0097EB13+1501971]
	Ordinal0 [0x008FF6D1+980689]
	Ordinal0 [0x00887508+488712]
	Ordinal0 [0x0088131A+463642]
	Ordinal0 [0x008819C8+465352]
	Ordinal0 [0x00882AA5+469669]
	Ordinal0 [0x0087EC85+453765]
	Ordinal0 [0x00888330+492336]
	Ordinal0 [0x0083A108+172296]
	Ordinal0 [0x0083942D+169005]
	Ordinal0 [0x008378EB+162027]
	Ordinal0 [0x00820AC7+68295]
	Ordinal0 [0x00821B40+72512]
	Ordinal0 [0x00821AD9+72409]
	Ordinal0 [0x00918F37+1085239]
	GetHandleVerifier [0x00A1D7ED+503293]
	GetHandleVerifier [0x00A1D580+502672]
	GetHandleVerifier [0x00A246AC+531644]
	GetHandleVerifier [0x00A1DFFA+505354]
	Ordinal0 [0x00910606+1050118]
	Ordinal0 [0x0091047F+1049727]
	Ordinal0 [0x0091AF9B+1093531]
	Ordinal0 [0x0091B103+1093891]
	Ordinal0 [0x0091A095+1089685]
	BaseThreadInitThunk [0x75686359+25]
	RtlGetAppContainerNamedObjectPath [0x77E27B74+228]
	RtlGetAppContainerNamedObjectPath [0x77E27B44+180]

	at sun.reflect.NativeConstructorAccessorImpl.newInstance0(Native Method)
	at sun.reflect.NativeConstructorAccessorImpl.newInstance(Unknown Source)
	at sun.reflect.DelegatingConstructorAccessorImpl.newInstance(Unknown Source)
	at java.lang.reflect.Constructor.newInstance(Unknown Source)
	at org.openqa.selenium.remote.W3CHandshakeResponse.lambda$new$0(W3CHandshakeResponse.java:57)
	at org.openqa.selenium.remote.W3CHandshakeResponse.lambda$getResponseFunction$2(W3CHandshakeResponse.java:104)
	at org.openqa.selenium.remote.ProtocolHandshake.lambda$createSession$24(ProtocolHandshake.java:359)
	at java.util.stream.ReferencePipeline$3$1.accept(Unknown Source)
	at java.util.Spliterators$ArraySpliterator.tryAdvance(Unknown Source)
	at java.util.stream.ReferencePipeline.forEachWithCancel(Unknown Source)
	at java.util.stream.AbstractPipeline.copyIntoWithCancel(Unknown Source)
	at java.util.stream.AbstractPipeline.copyInto(Unknown Source)
	at java.util.stream.AbstractPipeline.wrapAndCopyInto(Unknown Source)
	at java.util.stream.FindOps$FindOp.evaluateSequential(Unknown Source)
	at java.util.stream.AbstractPipeline.evaluate(Unknown Source)
	at java.util.stream.ReferencePipeline.findFirst(Unknown Source)
	at org.openqa.selenium.remote.ProtocolHandshake.createSession(ProtocolHandshake.java:362)
	at org.openqa.selenium.remote.ProtocolHandshake.createSession(ProtocolHandshake.java:136)
	at org.openqa.selenium.remote.HttpCommandExecutor.execute(HttpCommandExecutor.java:142)
	at org.openqa.selenium.remote.service.DriverCommandExecutor.execute(DriverCommandExecutor.java:82)
	at org.openqa.selenium.remote.RemoteWebDriver.execute(RemoteWebDriver.java:646)
	at org.openqa.selenium.remote.RemoteWebDriver.startSession(RemoteWebDriver.java:255)
	at org.openqa.selenium.remote.RemoteWebDriver.startSession(RemoteWebDriver.java:237)
	at org.openqa.selenium.remote.RemoteWebDriver.&lt;init&gt;(RemoteWebDriver.java:138)
	at org.openqa.selenium.chrome.ChromeDriver.&lt;init&gt;(ChromeDriver.java:178)
	at org.openqa.selenium.chrome.ChromeDriver.&lt;init&gt;(ChromeDriver.java:167)
	at org.openqa.selenium.chrome.ChromeDriver.&lt;init&gt;(ChromeDriver.java:124)
	at utilities.common_opps.initChromeDriver(common_opps.java:85)
	at utilities.common_opps.initBrowser(common_opps.java:60)
	at utilities.common_opps.beforeClass(common_opps.java:193)
	at sun.reflect.NativeMethodAccessorImpl.invoke0(Native Method)
	at sun.reflect.NativeMethodAccessorImpl.invoke(Unknown Source)
	at sun.reflect.DelegatingMethodAccessorImpl.invoke(Unknown Source)
	at java.lang.reflect.Method.invoke(Unknown Source)
	at org.testng.internal.MethodInvocationHelper.invokeMethod(MethodInvocationHelper.java:124)
	at org.testng.internal.MethodInvocationHelper.invokeMethodConsideringTimeout(MethodInvocationHelper.java:59)
	at org.testng.internal.Invoker.invokeConfigurationMethod(Invoker.java:458)
	at org.testng.internal.Invoker.invokeConfigurations(Invoker.java:222)
	at org.testng.internal.Invoker.invokeConfigurations(Invoker.java:142)
	at org.testng.internal.TestMethodWorker.invokeBeforeClassMethods(TestMethodWorker.java:168)
	at org.testng.internal.TestMethodWorker.run(TestMethodWorker.java:105)
	at org.testng.TestRunner.privateRun(TestRunner.java:648)
	at org.testng.TestRunner.run(TestRunner.java:505)
	at org.testng.SuiteRunner.runTest(SuiteRunner.java:455)
	at org.testng.SuiteRunner.access$000(SuiteRunner.java:40)
	at org.testng.SuiteRunner$SuiteWorker.run(SuiteRunner.java:489)
	at org.testng.internal.thread.ThreadUtil$1.call(ThreadUtil.java:52)
	at java.util.concurrent.FutureTask.run(Unknown Source)
	at java.util.concurrent.ThreadPoolExecutor.runWorker(Unknown Source)
	at java.util.concurrent.ThreadPoolExecutor$Worker.run(Unknown Source)
	at java.lang.Thread.run(Unknown Source)
</pre></div></td>
<td>0</td>
<td>Web_Tests.YouTube_search_and_play@17579e0f</td></tr>
<tr>
<td title='Web_Tests.YouTube_search_and_play.Test005_PlayPauseAndMaximizeVideoContainer()'><b>Test005_PlayPauseAndMaximizeVideoContainer</b><br>Test class: Web_Tests.YouTube_search_and_play</td>
<td><div><pre>org.openqa.selenium.SessionNotCreatedException: session not created
from chrome not reachable
  (Session info: chrome=77.0.3865.75)
Build info: version: &apos;unknown&apos;, revision: &apos;unknown&apos;, time: &apos;unknown&apos;
System info: host: &apos;DESKTOP-PAON71K&apos;, ip: &apos;192.168.1.28&apos;, os.name: &apos;Windows 10&apos;, os.arch: &apos;amd64&apos;, os.version: &apos;10.0&apos;, java.version: &apos;1.8.0_201&apos;
Driver info: driver.version: ChromeDriver
remote stacktrace: Backtrace:
	Ordinal0 [0x0097EB13+1501971]
	Ordinal0 [0x008FF6D1+980689]
	Ordinal0 [0x00887508+488712]
	Ordinal0 [0x0088131A+463642]
	Ordinal0 [0x008819C8+465352]
	Ordinal0 [0x00882AA5+469669]
	Ordinal0 [0x0087EC85+453765]
	Ordinal0 [0x00888330+492336]
	Ordinal0 [0x0083A108+172296]
	Ordinal0 [0x0083942D+169005]
	Ordinal0 [0x008378EB+162027]
	Ordinal0 [0x00820AC7+68295]
	Ordinal0 [0x00821B40+72512]
	Ordinal0 [0x00821AD9+72409]
	Ordinal0 [0x00918F37+1085239]
	GetHandleVerifier [0x00A1D7ED+503293]
	GetHandleVerifier [0x00A1D580+502672]
	GetHandleVerifier [0x00A246AC+531644]
	GetHandleVerifier [0x00A1DFFA+505354]
	Ordinal0 [0x00910606+1050118]
	Ordinal0 [0x0091047F+1049727]
	Ordinal0 [0x0091AF9B+1093531]
	Ordinal0 [0x0091B103+1093891]
	Ordinal0 [0x0091A095+1089685]
	BaseThreadInitThunk [0x75686359+25]
	RtlGetAppContainerNamedObjectPath [0x77E27B74+228]
	RtlGetAppContainerNamedObjectPath [0x77E27B44+180]

	at org.openqa.selenium.remote.W3CHandshakeResponse.lambda$new$0(W3CHandshakeResponse.java:57)
	at org.openqa.selenium.remote.W3CHandshakeResponse.lambda$getResponseFunction$2(W3CHandshakeResponse.java:104)
	at org.openqa.selenium.remote.ProtocolHandshake.lambda$createSession$24(ProtocolHandshake.java:359)
	at java.util.stream.ReferencePipeline$3$1.accept(Unknown Source)
	at java.util.Spliterators$ArraySpliterator.tryAdvance(Unknown Source)
	at java.util.stream.ReferencePipeline.forEachWithCancel(Unknown Source)
	at java.util.stream.AbstractPipeline.copyIntoWithCancel(Unknown Source)
	at java.util.stream.AbstractPipeline.copyInto(Unknown Source)
	at java.util.stream.AbstractPipeline.wrapAndCopyInto(Unknown Source)
	at java.util.stream.FindOps$FindOp.evaluateSequential(Unknown Source)
	at java.util.stream.AbstractPipeline.evaluate(Unknown Source)
	at java.util.stream.ReferencePipeline.findFirst(Unknown Source)
	at org.openqa.selenium.remote.ProtocolHandshake.createSession(ProtocolHandshake.java:362)
	at org.openqa.selenium.remote.ProtocolHandshake.createSession(ProtocolHandshake.java:136)
	at org.openqa.selenium.remote.HttpCommandExecutor.execute(HttpCommandExecutor.java:142)
	at org.openqa.selenium.remote.service.DriverCommandExecutor.execute(DriverCommandExecutor.java:82)
	at org.openqa.selenium.remote.RemoteWebDriver.execute(RemoteWebDriver.java:646)
	at org.openqa.selenium.remote.RemoteWebDriver.startSession(RemoteWebDriver.java:255)
	at org.openqa.selenium.remote.RemoteWebDriver.startSession(RemoteWebDriver.java:237)
	at org.openqa.selenium.remote.RemoteWebDriver.&lt;init&gt;(RemoteWebDriver.java:138)
	at org.openqa.selenium.chrome.ChromeDriver.&lt;init&gt;(ChromeDriver.java:178)
	at org.openqa.selenium.chrome.ChromeDriver.&lt;init&gt;(ChromeDriver.java:167)
	at org.openqa.selenium.chrome.ChromeDriver.&lt;init&gt;(ChromeDriver.java:124)
	at utilities.common_opps.initChromeDriver(common_opps.java:85)
	at utilities.common_opps.initBrowser(common_opps.java:60)
	at utilities.common_opps.beforeClass(common_opps.java:193)
	at java.util.concurrent.FutureTask.run(Unknown Source)
	at java.util.concurrent.ThreadPoolExecutor.runWorker(Unknown Source)
	at java.util.concurrent.ThreadPoolExecutor$Worker.run(Unknown Source)
	at java.lang.Thread.run(Unknown Source)
... Removed 21 stack frames</pre></div><a href='#' onClick='toggleBox("stack-trace628813783", this, "Click to show all stack frames", "Click to hide stack frames")'>Click to show all stack frames</a>
<div class='stack-trace' id='stack-trace628813783'><pre>org.openqa.selenium.SessionNotCreatedException: session not created
from chrome not reachable
  (Session info: chrome=77.0.3865.75)
Build info: version: &apos;unknown&apos;, revision: &apos;unknown&apos;, time: &apos;unknown&apos;
System info: host: &apos;DESKTOP-PAON71K&apos;, ip: &apos;192.168.1.28&apos;, os.name: &apos;Windows 10&apos;, os.arch: &apos;amd64&apos;, os.version: &apos;10.0&apos;, java.version: &apos;1.8.0_201&apos;
Driver info: driver.version: ChromeDriver
remote stacktrace: Backtrace:
	Ordinal0 [0x0097EB13+1501971]
	Ordinal0 [0x008FF6D1+980689]
	Ordinal0 [0x00887508+488712]
	Ordinal0 [0x0088131A+463642]
	Ordinal0 [0x008819C8+465352]
	Ordinal0 [0x00882AA5+469669]
	Ordinal0 [0x0087EC85+453765]
	Ordinal0 [0x00888330+492336]
	Ordinal0 [0x0083A108+172296]
	Ordinal0 [0x0083942D+169005]
	Ordinal0 [0x008378EB+162027]
	Ordinal0 [0x00820AC7+68295]
	Ordinal0 [0x00821B40+72512]
	Ordinal0 [0x00821AD9+72409]
	Ordinal0 [0x00918F37+1085239]
	GetHandleVerifier [0x00A1D7ED+503293]
	GetHandleVerifier [0x00A1D580+502672]
	GetHandleVerifier [0x00A246AC+531644]
	GetHandleVerifier [0x00A1DFFA+505354]
	Ordinal0 [0x00910606+1050118]
	Ordinal0 [0x0091047F+1049727]
	Ordinal0 [0x0091AF9B+1093531]
	Ordinal0 [0x0091B103+1093891]
	Ordinal0 [0x0091A095+1089685]
	BaseThreadInitThunk [0x75686359+25]
	RtlGetAppContainerNamedObjectPath [0x77E27B74+228]
	RtlGetAppContainerNamedObjectPath [0x77E27B44+180]

	at sun.reflect.NativeConstructorAccessorImpl.newInstance0(Native Method)
	at sun.reflect.NativeConstructorAccessorImpl.newInstance(Unknown Source)
	at sun.reflect.DelegatingConstructorAccessorImpl.newInstance(Unknown Source)
	at java.lang.reflect.Constructor.newInstance(Unknown Source)
	at org.openqa.selenium.remote.W3CHandshakeResponse.lambda$new$0(W3CHandshakeResponse.java:57)
	at org.openqa.selenium.remote.W3CHandshakeResponse.lambda$getResponseFunction$2(W3CHandshakeResponse.java:104)
	at org.openqa.selenium.remote.ProtocolHandshake.lambda$createSession$24(ProtocolHandshake.java:359)
	at java.util.stream.ReferencePipeline$3$1.accept(Unknown Source)
	at java.util.Spliterators$ArraySpliterator.tryAdvance(Unknown Source)
	at java.util.stream.ReferencePipeline.forEachWithCancel(Unknown Source)
	at java.util.stream.AbstractPipeline.copyIntoWithCancel(Unknown Source)
	at java.util.stream.AbstractPipeline.copyInto(Unknown Source)
	at java.util.stream.AbstractPipeline.wrapAndCopyInto(Unknown Source)
	at java.util.stream.FindOps$FindOp.evaluateSequential(Unknown Source)
	at java.util.stream.AbstractPipeline.evaluate(Unknown Source)
	at java.util.stream.ReferencePipeline.findFirst(Unknown Source)
	at org.openqa.selenium.remote.ProtocolHandshake.createSession(ProtocolHandshake.java:362)
	at org.openqa.selenium.remote.ProtocolHandshake.createSession(ProtocolHandshake.java:136)
	at org.openqa.selenium.remote.HttpCommandExecutor.execute(HttpCommandExecutor.java:142)
	at org.openqa.selenium.remote.service.DriverCommandExecutor.execute(DriverCommandExecutor.java:82)
	at org.openqa.selenium.remote.RemoteWebDriver.execute(RemoteWebDriver.java:646)
	at org.openqa.selenium.remote.RemoteWebDriver.startSession(RemoteWebDriver.java:255)
	at org.openqa.selenium.remote.RemoteWebDriver.startSession(RemoteWebDriver.java:237)
	at org.openqa.selenium.remote.RemoteWebDriver.&lt;init&gt;(RemoteWebDriver.java:138)
	at org.openqa.selenium.chrome.ChromeDriver.&lt;init&gt;(ChromeDriver.java:178)
	at org.openqa.selenium.chrome.ChromeDriver.&lt;init&gt;(ChromeDriver.java:167)
	at org.openqa.selenium.chrome.ChromeDriver.&lt;init&gt;(ChromeDriver.java:124)
	at utilities.common_opps.initChromeDriver(common_opps.java:85)
	at utilities.common_opps.initBrowser(common_opps.java:60)
	at utilities.common_opps.beforeClass(common_opps.java:193)
	at sun.reflect.NativeMethodAccessorImpl.invoke0(Native Method)
	at sun.reflect.NativeMethodAccessorImpl.invoke(Unknown Source)
	at sun.reflect.DelegatingMethodAccessorImpl.invoke(Unknown Source)
	at java.lang.reflect.Method.invoke(Unknown Source)
	at org.testng.internal.MethodInvocationHelper.invokeMethod(MethodInvocationHelper.java:124)
	at org.testng.internal.MethodInvocationHelper.invokeMethodConsideringTimeout(MethodInvocationHelper.java:59)
	at org.testng.internal.Invoker.invokeConfigurationMethod(Invoker.java:458)
	at org.testng.internal.Invoker.invokeConfigurations(Invoker.java:222)
	at org.testng.internal.Invoker.invokeConfigurations(Invoker.java:142)
	at org.testng.internal.TestMethodWorker.invokeBeforeClassMethods(TestMethodWorker.java:168)
	at org.testng.internal.TestMethodWorker.run(TestMethodWorker.java:105)
	at org.testng.TestRunner.privateRun(TestRunner.java:648)
	at org.testng.TestRunner.run(TestRunner.java:505)
	at org.testng.SuiteRunner.runTest(SuiteRunner.java:455)
	at org.testng.SuiteRunner.access$000(SuiteRunner.java:40)
	at org.testng.SuiteRunner$SuiteWorker.run(SuiteRunner.java:489)
	at org.testng.internal.thread.ThreadUtil$1.call(ThreadUtil.java:52)
	at java.util.concurrent.FutureTask.run(Unknown Source)
	at java.util.concurrent.ThreadPoolExecutor.runWorker(Unknown Source)
	at java.util.concurrent.ThreadPoolExecutor$Worker.run(Unknown Source)
	at java.lang.Thread.run(Unknown Source)
</pre></div></td>
<td>0</td>
<td>Web_Tests.YouTube_search_and_play@17579e0f</td></tr>
</table><p>
</body>
</html>