<?xml version="1.0" encoding="UTF-8"?>
<!-- Generated by org.testng.reporters.JUnitXMLReporter -->
<testsuite hostname="DESKTOP-PAON71K" ignored="0" name="Test1" tests="5" failures="1" timestamp="22 Sep 2019 11:07:36 GMT" time="56.817" errors="0">
  <testcase name="Test001_searchAndVerifyArtistCardName" time="5.366" classname="Web_Tests.YouTube_search_and_play"/>
  <testcase name="Test002_searchValueFromDB" time="1.487" classname="Web_Tests.YouTube_search_and_play"/>
  <testcase name="Test003_VerifyHorizontalAlbumsListSize" time="10.768" classname="Web_Tests.YouTube_search_and_play">
    <failure type="java.lang.AssertionError" message="error click in element">
      <![CDATA[java.lang.AssertionError: error click in element
at extensions.click.go_click(click.java:25)
at Web_Tests.YouTube_search_and_play.Test003_VerifyHorizontalAlbumsListSize(YouTube_search_and_play.java:36)
... Removed 25 stack frames]]>
    </failure>
  </testcase> <!-- Test003_VerifyHorizontalAlbumsListSize -->
  <testcase name="Test004_VerifyVerticalAlbumsTextListAndClick" time="0.268" classname="Web_Tests.YouTube_search_and_play"/>
  <testcase name="Test005_PlayPauseAndMaximizeVideoContainer" time="12.833" classname="Web_Tests.YouTube_search_and_play"/>
</testsuite> <!-- Test1 -->
